#
# There is insufficient memory for the Java Runtime Environment to continue.
# Native memory allocation (malloc) failed to allocate 32744 bytes for ChunkPool::allocate
# Possible reasons:
#   The system is out of physical RAM or swap space
#   The process is running with CompressedOops enabled, and the Java Heap may be blocking the growth of the native heap
# Possible solutions:
#   Reduce memory load on the system
#   Increase physical memory or swap space
#   Check if swap backing store is full
#   Decrease Java heap size (-Xmx/-Xms)
#   Decrease number of Java threads
#   Decrease Java thread stack sizes (-Xss)
#   Set larger code cache with -XX:ReservedCodeCacheSize=
#   JVM is running with Unscaled Compressed Oops mode in which the Java heap is
#     placed in the first 4GB address space. The Java Heap base address is the
#     maximum limit for the native heap growth. Please use -XX:HeapBaseMinAddress
#     to set the Java Heap base and to place the Java Heap above 4GB virtual address.
# This output file may be truncated or incomplete.
#
#  Out of Memory Error (c:/cygwin64/tmp/ojdkbuild/lookaside/java-11-openjdk/src/hotspot/share/memory/arena.cpp:81), pid=25948, tid=29868
#
# JRE version: OpenJDK Runtime Environment (11.0.2+7) (build 11.0.2-redhat+7-LTS)
# Java VM: OpenJDK 64-Bit Server VM (11.0.2-redhat+7-LTS, mixed mode, tiered, compressed oops, g1 gc, windows-amd64)
# No core dump will be written. Minidumps are not enabled by default on client versions of Windows
#

---------------  S U M M A R Y ------------

Command Line: -Xms64m -Xmx512m -Dapp.name=ltex-ls -Dapp.repo=c:\Users\Administrator\.vscode\extensions\valentjn.vscode-ltex-10.0.0\lib\ltex-ls-11.0.0\lib -Dapp.home=c:\Users\Administrator\.vscode\extensions\valentjn.vscode-ltex-10.0.0\lib\ltex-ls-11.0.0 -Dbasedir=c:\Users\Administrator\.vscode\extensions\valentjn.vscode-ltex-10.0.0\lib\ltex-ls-11.0.0 LtexLanguageServerLauncher

Host: Intel(R) Core(TM) i7-8700 CPU @ 3.20GHz, 12 cores, 31G,  Windows 10 , 64 bit Build 18362 (10.0.18362.86)
Time: Fri Apr 16 10:00:28 2021 ?D1¨²¡À¨º¡Á?¨º¡À?? elapsed time: 5 seconds (0d 0h 0m 5s)

---------------  T H R E A D  ---------------

Current thread (0x00000193403f3800):  JavaThread "C2 CompilerThread0" daemon [_thread_in_native, id=29868, stack(0x00000087e3000000,0x00000087e3100000)]


Current CompileTask:
C2:   5293 4457       4       java.util.regex.Matcher::replaceFirst (62 bytes)

Stack: [0x00000087e3000000,0x00000087e3100000]
Native frames: (J=compiled Java code, j=interpreted, Vv=VM code, C=native code)
V  [jvm.dll+0x64425a]
V  [jvm.dll+0x7e052f]
V  [jvm.dll+0x7e1bd8]
V  [jvm.dll+0x7e2293]
V  [jvm.dll+0x262a48]
V  [jvm.dll+0xc3ddb]
V  [jvm.dll+0xc413c]
V  [jvm.dll+0x61e9b3]
V  [jvm.dll+0x56d98e]
V  [jvm.dll+0x56d4d0]
V  [jvm.dll+0x56c6bc]
V  [jvm.dll+0x55c411]
V  [jvm.dll+0x224833]
V  [jvm.dll+0x21e6ea]
V  [jvm.dll+0x21b6d6]
V  [jvm.dll+0x197090]
V  [jvm.dll+0x22aaaf]
V  [jvm.dll+0x2290a8]
V  [jvm.dll+0x7a3a9d]
V  [jvm.dll+0x643302]
C  [ucrtbase.dll+0x1d9f2]
C  [KERNEL32.DLL+0x17bd4]
C  [ntdll.dll+0x6ce71]


---------------  P R O C E S S  ---------------

Threads class SMR info:
_java_thread_list=0x00000193451bea60, length=13, elements={
0x0000019324967000, 0x0000019340399000, 0x000001934039a800, 0x0000019340c73000,
0x00000193403ee800, 0x00000193403f3800, 0x0000019340401800, 0x000001934040d000,
0x0000019340e24000, 0x0000019340e2a000, 0x000001934518f800, 0x00000193440b6000,
0x00000193440b0800
}

Java Threads: ( => current thread )
  0x0000019324967000 JavaThread "main" [_thread_blocked, id=33500, stack(0x00000087e2500000,0x00000087e2600000)]
  0x0000019340399000 JavaThread "Reference Handler" daemon [_thread_blocked, id=32244, stack(0x00000087e2c00000,0x00000087e2d00000)]
  0x000001934039a800 JavaThread "Finalizer" daemon [_thread_blocked, id=11320, stack(0x00000087e2d00000,0x00000087e2e00000)]
  0x0000019340c73000 JavaThread "Signal Dispatcher" daemon [_thread_blocked, id=1424, stack(0x00000087e2e00000,0x00000087e2f00000)]
  0x00000193403ee800 JavaThread "Attach Listener" daemon [_thread_blocked, id=10644, stack(0x00000087e2f00000,0x00000087e3000000)]
=>0x00000193403f3800 JavaThread "C2 CompilerThread0" daemon [_thread_in_native, id=29868, stack(0x00000087e3000000,0x00000087e3100000)]
  0x0000019340401800 JavaThread "C1 CompilerThread0" daemon [_thread_in_native, id=18792, stack(0x00000087e3100000,0x00000087e3200000)]
  0x000001934040d000 JavaThread "Sweeper thread" daemon [_thread_blocked, id=22716, stack(0x00000087e3200000,0x00000087e3300000)]
  0x0000019340e24000 JavaThread "Service Thread" daemon [_thread_blocked, id=35720, stack(0x00000087e3300000,0x00000087e3400000)]
  0x0000019340e2a000 JavaThread "Common-Cleaner" daemon [_thread_blocked, id=35648, stack(0x00000087e3500000,0x00000087e3600000)]
  0x000001934518f800 JavaThread "pool-1-thread-1" [_thread_in_Java, id=23264, stack(0x00000087e3900000,0x00000087e3a00000)]
  0x00000193440b6000 JavaThread "C2 CompilerThread1" daemon [_thread_in_native, id=15848, stack(0x00000087e3600000,0x00000087e3700000)]
  0x00000193440b0800 JavaThread "C2 CompilerThread2" daemon [_thread_in_native, id=20048, stack(0x00000087e3800000,0x00000087e3900000)]

Other Threads:
  0x0000019340397800 VMThread "VM Thread" [stack: 0x00000087e2b00000,0x00000087e2c00000] [id=1200]
  0x0000019340e25000 WatcherThread [stack: 0x00000087e3400000,0x00000087e3500000] [id=35536]
  0x000001932497e000 GCTaskThread "GC Thread#0" [stack: 0x00000087e2600000,0x00000087e2700000] [id=21148]
  0x0000019341e64800 GCTaskThread "GC Thread#1" [stack: 0x00000087e3700000,0x00000087e3800000] [id=8564]
  0x00000193445be800 GCTaskThread "GC Thread#2" [stack: 0x00000087e3a00000,0x00000087e3b00000] [id=32464]
  0x0000019343761000 GCTaskThread "GC Thread#3" [stack: 0x00000087e3b00000,0x00000087e3c00000] [id=35548]
  0x00000193459e2800 GCTaskThread "GC Thread#4" [stack: 0x00000087e4100000,0x00000087e4200000] [id=18036]
  0x00000193455d4800 GCTaskThread "GC Thread#5" [stack: 0x00000087e4200000,0x00000087e4300000] [id=23244]
  0x0000019344610800 GCTaskThread "GC Thread#6" [stack: 0x00000087e4400000,0x00000087e4500000] [id=11072]
  0x000001932498f800 ConcurrentGCThread "G1 Main Marker" [stack: 0x00000087e2700000,0x00000087e2800000] [id=29072]
  0x0000019324991800 ConcurrentGCThread "G1 Conc#0" [stack: 0x00000087e2800000,0x00000087e2900000] [id=26308]
  0x00000193436cb800 ConcurrentGCThread "G1 Conc#1" [stack: 0x00000087e3c00000,0x00000087e3d00000] [id=34824]
  0x00000193436cc800 ConcurrentGCThread "G1 Conc#2" [stack: 0x00000087e3d00000,0x00000087e3e00000] [id=10636]
  0x0000019324a02800 ConcurrentGCThread "G1 Refine#0" [stack: 0x00000087e2900000,0x00000087e2a00000] [id=11368]
  0x000001934413d800 ConcurrentGCThread "G1 Refine#1" [stack: 0x00000087e3e00000,0x00000087e3f00000] [id=16984]
  0x000001934545c000 ConcurrentGCThread "G1 Refine#2" [stack: 0x00000087e3f00000,0x00000087e4000000] [id=24120]
  0x0000019343be8000 ConcurrentGCThread "G1 Refine#3" [stack: 0x00000087e4000000,0x00000087e4100000] [id=5856]
  0x0000019345e63000 ConcurrentGCThread "G1 Refine#4" [stack: 0x00000087e4300000,0x00000087e4400000] [id=27536]
  0x0000019324a03800 ConcurrentGCThread "G1 Young RemSet Sampling" [stack: 0x00000087e2a00000,0x00000087e2b00000] [id=1448]

Threads with active compile tasks:
C2 CompilerThread04457       4       java.util.regex.Matcher::replaceFirst (62 bytes)
C1 CompilerThread04526       2       java.util.concurrent.locks.ReentrantLock::unlock (10 bytes)
C2 CompilerThread14460       4       java.util.Scanner::findWithinHorizon (82 bytes)
C2 CompilerThread24276       4       com.hankcs.algorithm.AhoCorasickDoubleArrayTrie$Builder::insert (760 bytes)

VM state:not at safepoint (normal execution)

VM Mutex/Monitor currently owned by a thread: None

Heap address: 0x00000000e0000000, size: 512 MB, Compressed Oops mode: 32-bit
Narrow klass base: 0x0000000000000000, Narrow klass shift: 3
Compressed class space size: 1073741824 Address: 0x0000000100000000

Heap:
 garbage-first heap   total 309248K, used 199504K [0x00000000e0000000, 0x0000000100000000)
  region size 1024K, 43 young (44032K), 4 survivors (4096K)
 Metaspace       used 27327K, capacity 27852K, committed 28160K, reserved 1075200K
  class space    used 2817K, capacity 3012K, committed 3072K, reserved 1048576K
Heap Regions: E=young(eden), S=young(survivor), O=old, HS=humongous(starts), HC=humongous(continues), CS=collection set, F=free, A=archive, TAMS=top-at-mark-start (previous, next)
|   0|0x00000000e0000000, 0x00000000e0100000, 0x00000000e0100000|100%| O|  |TAMS 0x00000000e0100000, 0x00000000e0000000| Untracked 
|   1|0x00000000e0100000, 0x00000000e0200000, 0x00000000e0200000|100%| O|  |TAMS 0x00000000e0200000, 0x00000000e0100000| Untracked 
|   2|0x00000000e0200000, 0x00000000e0300000, 0x00000000e0300000|100%| O|  |TAMS 0x00000000e0300000, 0x00000000e0200000| Untracked 
|   3|0x00000000e0300000, 0x00000000e0400000, 0x00000000e0400000|100%| O|  |TAMS 0x00000000e0400000, 0x00000000e0300000| Untracked 
|   4|0x00000000e0400000, 0x00000000e0500000, 0x00000000e0500000|100%| O|  |TAMS 0x00000000e0500000, 0x00000000e0400000| Untracked 
|   5|0x00000000e0500000, 0x00000000e0600000, 0x00000000e0600000|100%| O|  |TAMS 0x00000000e0600000, 0x00000000e0500000| Untracked 
|   6|0x00000000e0600000, 0x00000000e0700000, 0x00000000e0700000|100%| O|  |TAMS 0x00000000e0700000, 0x00000000e0600000| Untracked 
|   7|0x00000000e0700000, 0x00000000e0800000, 0x00000000e0800000|100%| O|  |TAMS 0x00000000e0800000, 0x00000000e0700000| Untracked 
|   8|0x00000000e0800000, 0x00000000e0900000, 0x00000000e0900000|100%| O|  |TAMS 0x00000000e0900000, 0x00000000e0800000| Untracked 
|   9|0x00000000e0900000, 0x00000000e0a00000, 0x00000000e0a00000|100%| O|  |TAMS 0x00000000e0a00000, 0x00000000e0900000| Untracked 
|  10|0x00000000e0a00000, 0x00000000e0b00000, 0x00000000e0b00000|100%| O|  |TAMS 0x00000000e0b00000, 0x00000000e0a00000| Untracked 
|  11|0x00000000e0b00000, 0x00000000e0c00000, 0x00000000e0c00000|100%| O|  |TAMS 0x00000000e0c00000, 0x00000000e0b00000| Untracked 
|  12|0x00000000e0c00000, 0x00000000e0d00000, 0x00000000e0d00000|100%| O|  |TAMS 0x00000000e0d00000, 0x00000000e0c00000| Untracked 
|  13|0x00000000e0d00000, 0x00000000e0e00000, 0x00000000e0e00000|100%| O|  |TAMS 0x00000000e0e00000, 0x00000000e0d00000| Untracked 
|  14|0x00000000e0e00000, 0x00000000e0f00000, 0x00000000e0f00000|100%| O|  |TAMS 0x00000000e0f00000, 0x00000000e0e00000| Untracked 
|  15|0x00000000e0f00000, 0x00000000e1000000, 0x00000000e1000000|100%|HS|  |TAMS 0x00000000e1000000, 0x00000000e0f00000| Complete 
|  16|0x00000000e1000000, 0x00000000e1100000, 0x00000000e1100000|100%| O|  |TAMS 0x00000000e1100000, 0x00000000e1000000| Untracked 
|  17|0x00000000e1100000, 0x00000000e1200000, 0x00000000e1200000|100%| O|  |TAMS 0x00000000e1200000, 0x00000000e1100000| Untracked 
|  18|0x00000000e1200000, 0x00000000e1300000, 0x00000000e1300000|100%| O|  |TAMS 0x00000000e1300000, 0x00000000e1200000| Untracked 
|  19|0x00000000e1300000, 0x00000000e1400000, 0x00000000e1400000|100%| O|  |TAMS 0x00000000e1400000, 0x00000000e1300000| Untracked 
|  20|0x00000000e1400000, 0x00000000e1500000, 0x00000000e1500000|100%|HS|  |TAMS 0x00000000e1500000, 0x00000000e1400000| Complete 
|  21|0x00000000e1500000, 0x00000000e1600000, 0x00000000e1600000|100%| O|  |TAMS 0x00000000e1600000, 0x00000000e1500000| Untracked 
|  22|0x00000000e1600000, 0x00000000e1700000, 0x00000000e1700000|100%| O|  |TAMS 0x00000000e1700000, 0x00000000e1600000| Untracked 
|  23|0x00000000e1700000, 0x00000000e1800000, 0x00000000e1800000|100%| O|  |TAMS 0x00000000e1800000, 0x00000000e1700000| Untracked 
|  24|0x00000000e1800000, 0x00000000e1900000, 0x00000000e1900000|100%| O|  |TAMS 0x00000000e1900000, 0x00000000e1800000| Untracked 
|  25|0x00000000e1900000, 0x00000000e1a00000, 0x00000000e1a00000|100%| O|  |TAMS 0x00000000e1a00000, 0x00000000e1900000| Untracked 
|  26|0x00000000e1a00000, 0x00000000e1b00000, 0x00000000e1b00000|100%| O|  |TAMS 0x00000000e1b00000, 0x00000000e1a00000| Untracked 
|  27|0x00000000e1b00000, 0x00000000e1c00000, 0x00000000e1c00000|100%| O|  |TAMS 0x00000000e1c00000, 0x00000000e1b00000| Untracked 
|  28|0x00000000e1c00000, 0x00000000e1d00000, 0x00000000e1d00000|100%| O|  |TAMS 0x00000000e1d00000, 0x00000000e1c00000| Untracked 
|  29|0x00000000e1d00000, 0x00000000e1e00000, 0x00000000e1e00000|100%| O|  |TAMS 0x00000000e1e00000, 0x00000000e1d00000| Untracked 
|  30|0x00000000e1e00000, 0x00000000e1f00000, 0x00000000e1f00000|100%| O|  |TAMS 0x00000000e1f00000, 0x00000000e1e00000| Untracked 
|  31|0x00000000e1f00000, 0x00000000e2000000, 0x00000000e2000000|100%| O|  |TAMS 0x00000000e2000000, 0x00000000e1f00000| Untracked 
|  32|0x00000000e2000000, 0x00000000e2100000, 0x00000000e2100000|100%| O|  |TAMS 0x00000000e2100000, 0x00000000e2000000| Untracked 
|  33|0x00000000e2100000, 0x00000000e2200000, 0x00000000e2200000|100%| O|  |TAMS 0x00000000e2200000, 0x00000000e2100000| Untracked 
|  34|0x00000000e2200000, 0x00000000e2300000, 0x00000000e2300000|100%| O|  |TAMS 0x00000000e2300000, 0x00000000e2200000| Untracked 
|  35|0x00000000e2300000, 0x00000000e2400000, 0x00000000e2400000|100%| O|  |TAMS 0x00000000e2400000, 0x00000000e2300000| Untracked 
|  36|0x00000000e2400000, 0x00000000e2500000, 0x00000000e2500000|100%| O|  |TAMS 0x00000000e2500000, 0x00000000e2400000| Untracked 
|  37|0x00000000e2500000, 0x00000000e2600000, 0x00000000e2600000|100%| O|  |TAMS 0x00000000e2600000, 0x00000000e2500000| Untracked 
|  38|0x00000000e2600000, 0x00000000e2700000, 0x00000000e2700000|100%| O|  |TAMS 0x00000000e2700000, 0x00000000e2600000| Untracked 
|  39|0x00000000e2700000, 0x00000000e2800000, 0x00000000e2800000|100%| O|  |TAMS 0x00000000e2800000, 0x00000000e2700000| Untracked 
|  40|0x00000000e2800000, 0x00000000e2900000, 0x00000000e2900000|100%| O|  |TAMS 0x00000000e2900000, 0x00000000e2800000| Untracked 
|  41|0x00000000e2900000, 0x00000000e2a00000, 0x00000000e2a00000|100%| O|  |TAMS 0x00000000e2a00000, 0x00000000e2900000| Untracked 
|  42|0x00000000e2a00000, 0x00000000e2b00000, 0x00000000e2b00000|100%| O|  |TAMS 0x00000000e2b00000, 0x00000000e2a00000| Untracked 
|  43|0x00000000e2b00000, 0x00000000e2c00000, 0x00000000e2c00000|100%| O|  |TAMS 0x00000000e2c00000, 0x00000000e2b00000| Untracked 
|  44|0x00000000e2c00000, 0x00000000e2d00000, 0x00000000e2d00000|100%| O|  |TAMS 0x00000000e2d00000, 0x00000000e2c00000| Untracked 
|  45|0x00000000e2d00000, 0x00000000e2e00000, 0x00000000e2e00000|100%| O|  |TAMS 0x00000000e2e00000, 0x00000000e2d00000| Untracked 
|  46|0x00000000e2e00000, 0x00000000e2f00000, 0x00000000e2f00000|100%| O|  |TAMS 0x00000000e2f00000, 0x00000000e2e00000| Untracked 
|  47|0x00000000e2f00000, 0x00000000e3000000, 0x00000000e3000000|100%| O|  |TAMS 0x00000000e3000000, 0x00000000e2f00000| Untracked 
|  48|0x00000000e3000000, 0x00000000e3100000, 0x00000000e3100000|100%| O|  |TAMS 0x00000000e3100000, 0x00000000e3000000| Untracked 
|  49|0x00000000e3100000, 0x00000000e3200000, 0x00000000e3200000|100%|HS|  |TAMS 0x00000000e3200000, 0x00000000e3100000| Complete 
|  50|0x00000000e3200000, 0x00000000e3300000, 0x00000000e3300000|100%| O|  |TAMS 0x00000000e3300000, 0x00000000e3200000| Untracked 
|  51|0x00000000e3300000, 0x00000000e3400000, 0x00000000e3400000|100%| O|  |TAMS 0x00000000e3400000, 0x00000000e3300000| Untracked 
|  52|0x00000000e3400000, 0x00000000e3500000, 0x00000000e3500000|100%| O|  |TAMS 0x00000000e3500000, 0x00000000e3400000| Untracked 
|  53|0x00000000e3500000, 0x00000000e3600000, 0x00000000e3600000|100%| O|  |TAMS 0x00000000e3600000, 0x00000000e3500000| Untracked 
|  54|0x00000000e3600000, 0x00000000e3700000, 0x00000000e3700000|100%| O|  |TAMS 0x00000000e3700000, 0x00000000e3600000| Untracked 
|  55|0x00000000e3700000, 0x00000000e3800000, 0x00000000e3800000|100%| O|  |TAMS 0x00000000e3800000, 0x00000000e3700000| Untracked 
|  56|0x00000000e3800000, 0x00000000e3900000, 0x00000000e3900000|100%| O|  |TAMS 0x00000000e3900000, 0x00000000e3800000| Untracked 
|  57|0x00000000e3900000, 0x00000000e3a00000, 0x00000000e3a00000|100%| O|  |TAMS 0x00000000e3a00000, 0x00000000e3900000| Untracked 
|  58|0x00000000e3a00000, 0x00000000e3b00000, 0x00000000e3b00000|100%| O|  |TAMS 0x00000000e3b00000, 0x00000000e3a00000| Untracked 
|  59|0x00000000e3b00000, 0x00000000e3c00000, 0x00000000e3c00000|100%| O|  |TAMS 0x00000000e3c00000, 0x00000000e3b00000| Untracked 
|  60|0x00000000e3c00000, 0x00000000e3d00000, 0x00000000e3d00000|100%| O|  |TAMS 0x00000000e3d00000, 0x00000000e3c00000| Untracked 
|  61|0x00000000e3d00000, 0x00000000e3e00000, 0x00000000e3e00000|100%| O|  |TAMS 0x00000000e3e00000, 0x00000000e3d00000| Untracked 
|  62|0x00000000e3e00000, 0x00000000e3f00000, 0x00000000e3f00000|100%| O|  |TAMS 0x00000000e3f00000, 0x00000000e3e00000| Untracked 
|  63|0x00000000e3f00000, 0x00000000e4000000, 0x00000000e4000000|100%| O|  |TAMS 0x00000000e4000000, 0x00000000e3f00000| Untracked 
|  64|0x00000000e4000000, 0x00000000e4100000, 0x00000000e4100000|100%|HS|  |TAMS 0x00000000e4100000, 0x00000000e4000000| Complete 
|  65|0x00000000e4100000, 0x00000000e4200000, 0x00000000e4200000|100%|HC|  |TAMS 0x00000000e4200000, 0x00000000e4100000| Complete 
|  66|0x00000000e4200000, 0x00000000e4300000, 0x00000000e4300000|100%| O|  |TAMS 0x00000000e4300000, 0x00000000e4200000| Untracked 
|  67|0x00000000e4300000, 0x00000000e4400000, 0x00000000e4400000|100%| O|  |TAMS 0x00000000e4400000, 0x00000000e4300000| Untracked 
|  68|0x00000000e4400000, 0x00000000e4500000, 0x00000000e4500000|100%|HS|  |TAMS 0x00000000e4500000, 0x00000000e4400000| Complete 
|  69|0x00000000e4500000, 0x00000000e4600000, 0x00000000e4600000|100%| O|  |TAMS 0x00000000e4600000, 0x00000000e4500000| Untracked 
|  70|0x00000000e4600000, 0x00000000e4700000, 0x00000000e4700000|100%| O|  |TAMS 0x00000000e4700000, 0x00000000e4600000| Untracked 
|  71|0x00000000e4700000, 0x00000000e4800000, 0x00000000e4800000|100%| O|  |TAMS 0x00000000e4800000, 0x00000000e4700000| Untracked 
|  72|0x00000000e4800000, 0x00000000e4900000, 0x00000000e4900000|100%| O|  |TAMS 0x00000000e4900000, 0x00000000e4800000| Untracked 
|  73|0x00000000e4900000, 0x00000000e4a00000, 0x00000000e4a00000|100%| O|  |TAMS 0x00000000e4a00000, 0x00000000e4900000| Untracked 
|  74|0x00000000e4a00000, 0x00000000e4b00000, 0x00000000e4b00000|100%| O|  |TAMS 0x00000000e4b00000, 0x00000000e4a00000| Untracked 
|  75|0x00000000e4b00000, 0x00000000e4c00000, 0x00000000e4c00000|100%| O|  |TAMS 0x00000000e4c00000, 0x00000000e4b00000| Untracked 
|  76|0x00000000e4c00000, 0x00000000e4d00000, 0x00000000e4d00000|100%| O|  |TAMS 0x00000000e4d00000, 0x00000000e4c00000| Untracked 
|  77|0x00000000e4d00000, 0x00000000e4e00000, 0x00000000e4e00000|100%| O|  |TAMS 0x00000000e4e00000, 0x00000000e4d00000| Untracked 
|  78|0x00000000e4e00000, 0x00000000e4f00000, 0x00000000e4f00000|100%| O|  |TAMS 0x00000000e4f00000, 0x00000000e4e00000| Untracked 
|  79|0x00000000e4f00000, 0x00000000e5000000, 0x00000000e5000000|100%| O|  |TAMS 0x00000000e5000000, 0x00000000e4f00000| Untracked 
|  80|0x00000000e5000000, 0x00000000e5100000, 0x00000000e5100000|100%| O|  |TAMS 0x00000000e5100000, 0x00000000e5000000| Untracked 
|  81|0x00000000e5100000, 0x00000000e5200000, 0x00000000e5200000|100%| O|  |TAMS 0x00000000e5200000, 0x00000000e5100000| Untracked 
|  82|0x00000000e5200000, 0x00000000e5300000, 0x00000000e5300000|100%| O|  |TAMS 0x00000000e5300000, 0x00000000e5200000| Untracked 
|  83|0x00000000e5300000, 0x00000000e5400000, 0x00000000e5400000|100%| O|  |TAMS 0x00000000e5400000, 0x00000000e5300000| Untracked 
|  84|0x00000000e5400000, 0x00000000e5500000, 0x00000000e5500000|100%| O|  |TAMS 0x00000000e5500000, 0x00000000e5400000| Untracked 
|  85|0x00000000e5500000, 0x00000000e5600000, 0x00000000e5600000|100%| O|  |TAMS 0x00000000e5600000, 0x00000000e5500000| Untracked 
|  86|0x00000000e5600000, 0x00000000e5700000, 0x00000000e5700000|100%| O|  |TAMS 0x00000000e5700000, 0x00000000e5600000| Untracked 
|  87|0x00000000e5700000, 0x00000000e5800000, 0x00000000e5800000|100%| O|  |TAMS 0x00000000e5800000, 0x00000000e5700000| Untracked 
|  88|0x00000000e5800000, 0x00000000e5900000, 0x00000000e5900000|100%| O|  |TAMS 0x00000000e5900000, 0x00000000e5800000| Untracked 
|  89|0x00000000e5900000, 0x00000000e5a00000, 0x00000000e5a00000|100%| O|  |TAMS 0x00000000e5a00000, 0x00000000e5900000| Untracked 
|  90|0x00000000e5a00000, 0x00000000e5b00000, 0x00000000e5b00000|100%| O|  |TAMS 0x00000000e5b00000, 0x00000000e5a00000| Untracked 
|  91|0x00000000e5b00000, 0x00000000e5c00000, 0x00000000e5c00000|100%| O|  |TAMS 0x00000000e5c00000, 0x00000000e5b00000| Untracked 
|  92|0x00000000e5c00000, 0x00000000e5d00000, 0x00000000e5d00000|100%| O|  |TAMS 0x00000000e5d00000, 0x00000000e5c00000| Untracked 
|  93|0x00000000e5d00000, 0x00000000e5e00000, 0x00000000e5e00000|100%| O|  |TAMS 0x00000000e5e00000, 0x00000000e5d00000| Untracked 
|  94|0x00000000e5e00000, 0x00000000e5f00000, 0x00000000e5f00000|100%| O|  |TAMS 0x00000000e5f00000, 0x00000000e5e00000| Untracked 
|  95|0x00000000e5f00000, 0x00000000e6000000, 0x00000000e6000000|100%| O|  |TAMS 0x00000000e6000000, 0x00000000e5f00000| Untracked 
|  96|0x00000000e6000000, 0x00000000e6100000, 0x00000000e6100000|100%| O|  |TAMS 0x00000000e6100000, 0x00000000e6000000| Untracked 
|  97|0x00000000e6100000, 0x00000000e6200000, 0x00000000e6200000|100%| O|  |TAMS 0x00000000e6200000, 0x00000000e6100000| Untracked 
|  98|0x00000000e6200000, 0x00000000e6300000, 0x00000000e6300000|100%| O|  |TAMS 0x00000000e6300000, 0x00000000e6200000| Untracked 
|  99|0x00000000e6300000, 0x00000000e6400000, 0x00000000e6400000|100%| O|  |TAMS 0x00000000e6400000, 0x00000000e6300000| Untracked 
| 100|0x00000000e6400000, 0x00000000e6500000, 0x00000000e6500000|100%| O|  |TAMS 0x00000000e6500000, 0x00000000e6400000| Untracked 
| 101|0x00000000e6500000, 0x00000000e6600000, 0x00000000e6600000|100%| O|  |TAMS 0x00000000e6600000, 0x00000000e6500000| Untracked 
| 102|0x00000000e6600000, 0x00000000e6700000, 0x00000000e6700000|100%| O|  |TAMS 0x00000000e6700000, 0x00000000e6600000| Untracked 
| 103|0x00000000e6700000, 0x00000000e6800000, 0x00000000e6800000|100%| O|  |TAMS 0x00000000e6800000, 0x00000000e6700000| Untracked 
| 104|0x00000000e6800000, 0x00000000e6900000, 0x00000000e6900000|100%| O|  |TAMS 0x00000000e6900000, 0x00000000e6800000| Untracked 
| 105|0x00000000e6900000, 0x00000000e6a00000, 0x00000000e6a00000|100%| O|  |TAMS 0x00000000e6a00000, 0x00000000e6900000| Untracked 
| 106|0x00000000e6a00000, 0x00000000e6b00000, 0x00000000e6b00000|100%| O|  |TAMS 0x00000000e6b00000, 0x00000000e6a00000| Untracked 
| 107|0x00000000e6b00000, 0x00000000e6c00000, 0x00000000e6c00000|100%| O|  |TAMS 0x00000000e6c00000, 0x00000000e6b00000| Untracked 
| 108|0x00000000e6c00000, 0x00000000e6d00000, 0x00000000e6d00000|100%| O|  |TAMS 0x00000000e6d00000, 0x00000000e6c00000| Untracked 
| 109|0x00000000e6d00000, 0x00000000e6e00000, 0x00000000e6e00000|100%| O|  |TAMS 0x00000000e6e00000, 0x00000000e6d00000| Untracked 
| 110|0x00000000e6e00000, 0x00000000e6f00000, 0x00000000e6f00000|100%| O|  |TAMS 0x00000000e6f00000, 0x00000000e6e00000| Untracked 
| 111|0x00000000e6f00000, 0x00000000e7000000, 0x00000000e7000000|100%| O|  |TAMS 0x00000000e7000000, 0x00000000e6f00000| Untracked 
| 112|0x00000000e7000000, 0x00000000e7100000, 0x00000000e7100000|100%| O|  |TAMS 0x00000000e7100000, 0x00000000e7000000| Untracked 
| 113|0x00000000e7100000, 0x00000000e7200000, 0x00000000e7200000|100%| O|  |TAMS 0x00000000e7200000, 0x00000000e7100000| Untracked 
| 114|0x00000000e7200000, 0x00000000e7300000, 0x00000000e7300000|100%| O|  |TAMS 0x00000000e7300000, 0x00000000e7200000| Untracked 
| 115|0x00000000e7300000, 0x00000000e7400000, 0x00000000e7400000|100%| O|  |TAMS 0x00000000e7400000, 0x00000000e7300000| Untracked 
| 116|0x00000000e7400000, 0x00000000e7500000, 0x00000000e7500000|100%| O|  |TAMS 0x00000000e7500000, 0x00000000e7400000| Untracked 
| 117|0x00000000e7500000, 0x00000000e7600000, 0x00000000e7600000|100%|HS|  |TAMS 0x00000000e7600000, 0x00000000e7500000| Complete 
| 118|0x00000000e7600000, 0x00000000e7700000, 0x00000000e7700000|100%|HC|  |TAMS 0x00000000e7700000, 0x00000000e7600000| Complete 
| 119|0x00000000e7700000, 0x00000000e7800000, 0x00000000e7800000|100%| O|  |TAMS 0x00000000e7800000, 0x00000000e7700000| Untracked 
| 120|0x00000000e7800000, 0x00000000e7900000, 0x00000000e7900000|100%| O|  |TAMS 0x00000000e7900000, 0x00000000e7800000| Untracked 
| 121|0x00000000e7900000, 0x00000000e7a00000, 0x00000000e7a00000|100%|HS|  |TAMS 0x00000000e7a00000, 0x00000000e7900000| Complete 
| 122|0x00000000e7a00000, 0x00000000e7b00000, 0x00000000e7b00000|100%|HS|  |TAMS 0x00000000e7b00000, 0x00000000e7a00000| Complete 
| 123|0x00000000e7b00000, 0x00000000e7c00000, 0x00000000e7c00000|100%|HS|  |TAMS 0x00000000e7b00000, 0x00000000e7b00000| Complete 
| 124|0x00000000e7c00000, 0x00000000e7d00000, 0x00000000e7d00000|100%| O|  |TAMS 0x00000000e7d00000, 0x00000000e7c00000| Untracked 
| 125|0x00000000e7d00000, 0x00000000e7e00000, 0x00000000e7e00000|100%| O|  |TAMS 0x00000000e7e00000, 0x00000000e7d00000| Untracked 
| 126|0x00000000e7e00000, 0x00000000e7f00000, 0x00000000e7f00000|100%| O|  |TAMS 0x00000000e7f00000, 0x00000000e7e00000| Untracked 
| 127|0x00000000e7f00000, 0x00000000e8000000, 0x00000000e8000000|100%| O|  |TAMS 0x00000000e8000000, 0x00000000e7f00000| Untracked 
| 128|0x00000000e8000000, 0x00000000e8100000, 0x00000000e8100000|100%| O|  |TAMS 0x00000000e8100000, 0x00000000e8000000| Untracked 
| 129|0x00000000e8100000, 0x00000000e8200000, 0x00000000e8200000|100%| O|  |TAMS 0x00000000e8200000, 0x00000000e8100000| Untracked 
| 130|0x00000000e8200000, 0x00000000e8300000, 0x00000000e8300000|100%| O|  |TAMS 0x00000000e8300000, 0x00000000e8200000| Untracked 
| 131|0x00000000e8300000, 0x00000000e8400000, 0x00000000e8400000|100%| O|  |TAMS 0x00000000e8400000, 0x00000000e8300000| Untracked 
| 132|0x00000000e8400000, 0x00000000e8500000, 0x00000000e8500000|100%| O|  |TAMS 0x00000000e8500000, 0x00000000e8400000| Untracked 
| 133|0x00000000e8500000, 0x00000000e8600000, 0x00000000e8600000|100%| O|  |TAMS 0x00000000e8600000, 0x00000000e8500000| Untracked 
| 134|0x00000000e8600000, 0x00000000e8700000, 0x00000000e8700000|100%| O|  |TAMS 0x00000000e8700000, 0x00000000e8600000| Untracked 
| 135|0x00000000e8700000, 0x00000000e8800000, 0x00000000e8800000|100%| O|  |TAMS 0x00000000e8800000, 0x00000000e8700000| Untracked 
| 136|0x00000000e8800000, 0x00000000e8900000, 0x00000000e8900000|100%| O|  |TAMS 0x00000000e8900000, 0x00000000e8800000| Untracked 
| 137|0x00000000e8900000, 0x00000000e8900000, 0x00000000e8a00000|  0%| F|  |TAMS 0x00000000e8900000, 0x00000000e8900000| Untracked 
| 138|0x00000000e8a00000, 0x00000000e8b00000, 0x00000000e8b00000|100%| O|  |TAMS 0x00000000e8b00000, 0x00000000e8a00000| Untracked 
| 139|0x00000000e8b00000, 0x00000000e8c00000, 0x00000000e8c00000|100%| O|  |TAMS 0x00000000e8c00000, 0x00000000e8b00000| Untracked 
| 140|0x00000000e8c00000, 0x00000000e8d00000, 0x00000000e8d00000|100%| O|  |TAMS 0x00000000e8d00000, 0x00000000e8c00000| Untracked 
| 141|0x00000000e8d00000, 0x00000000e8e00000, 0x00000000e8e00000|100%| O|  |TAMS 0x00000000e8e00000, 0x00000000e8d00000| Untracked 
| 142|0x00000000e8e00000, 0x00000000e8f00000, 0x00000000e8f00000|100%| O|  |TAMS 0x00000000e8f00000, 0x00000000e8e00000| Untracked 
| 143|0x00000000e8f00000, 0x00000000e9000000, 0x00000000e9000000|100%| O|  |TAMS 0x00000000e9000000, 0x00000000e8f00000| Untracked 
| 144|0x00000000e9000000, 0x00000000e9100000, 0x00000000e9100000|100%| O|  |TAMS 0x00000000e9100000, 0x00000000e9000000| Untracked 
| 145|0x00000000e9100000, 0x00000000e9200000, 0x00000000e9200000|100%| O|  |TAMS 0x00000000e9100000, 0x00000000e9100000| Untracked 
| 146|0x00000000e9200000, 0x00000000e9300000, 0x00000000e9300000|100%| O|  |TAMS 0x00000000e9200000, 0x00000000e9200000| Untracked 
| 147|0x00000000e9300000, 0x00000000e93f4200, 0x00000000e9400000| 95%| O|  |TAMS 0x00000000e9300000, 0x00000000e9300000| Untracked 
| 148|0x00000000e9400000, 0x00000000e9500000, 0x00000000e9500000|100%|HS|  |TAMS 0x00000000e9400000, 0x00000000e9400000| Complete 
| 149|0x00000000e9500000, 0x00000000e9500000, 0x00000000e9600000|  0%| F|  |TAMS 0x00000000e9500000, 0x00000000e9500000| Untracked 
| 150|0x00000000e9600000, 0x00000000e9600000, 0x00000000e9700000|  0%| F|  |TAMS 0x00000000e9600000, 0x00000000e9600000| Untracked 
| 151|0x00000000e9700000, 0x00000000e9700000, 0x00000000e9800000|  0%| F|  |TAMS 0x00000000e9700000, 0x00000000e9700000| Untracked 
| 152|0x00000000e9800000, 0x00000000e9800000, 0x00000000e9900000|  0%| F|  |TAMS 0x00000000e9800000, 0x00000000e9800000| Untracked 
| 153|0x00000000e9900000, 0x00000000e9900000, 0x00000000e9a00000|  0%| F|  |TAMS 0x00000000e9900000, 0x00000000e9900000| Untracked 
| 154|0x00000000e9a00000, 0x00000000e9a00000, 0x00000000e9b00000|  0%| F|  |TAMS 0x00000000e9a00000, 0x00000000e9a00000| Untracked 
| 155|0x00000000e9b00000, 0x00000000e9b00000, 0x00000000e9c00000|  0%| F|  |TAMS 0x00000000e9b00000, 0x00000000e9b00000| Untracked 
| 156|0x00000000e9c00000, 0x00000000e9c00000, 0x00000000e9d00000|  0%| F|  |TAMS 0x00000000e9c00000, 0x00000000e9c00000| Untracked 
| 157|0x00000000e9d00000, 0x00000000e9d00000, 0x00000000e9e00000|  0%| F|  |TAMS 0x00000000e9d00000, 0x00000000e9d00000| Untracked 
| 158|0x00000000e9e00000, 0x00000000e9e00000, 0x00000000e9f00000|  0%| F|  |TAMS 0x00000000e9e00000, 0x00000000e9e00000| Untracked 
| 159|0x00000000e9f00000, 0x00000000e9f00000, 0x00000000ea000000|  0%| F|  |TAMS 0x00000000e9f00000, 0x00000000e9f00000| Untracked 
| 160|0x00000000ea000000, 0x00000000ea000000, 0x00000000ea100000|  0%| F|  |TAMS 0x00000000ea000000, 0x00000000ea000000| Untracked 
| 161|0x00000000ea100000, 0x00000000ea100000, 0x00000000ea200000|  0%| F|  |TAMS 0x00000000ea100000, 0x00000000ea100000| Untracked 
| 162|0x00000000ea200000, 0x00000000ea200000, 0x00000000ea300000|  0%| F|  |TAMS 0x00000000ea200000, 0x00000000ea200000| Untracked 
| 163|0x00000000ea300000, 0x00000000ea400000, 0x00000000ea400000|100%| O|  |TAMS 0x00000000ea400000, 0x00000000ea300000| Untracked 
| 164|0x00000000ea400000, 0x00000000ea500000, 0x00000000ea500000|100%| O|  |TAMS 0x00000000ea500000, 0x00000000ea400000| Untracked 
| 165|0x00000000ea500000, 0x00000000ea500000, 0x00000000ea600000|  0%| F|  |TAMS 0x00000000ea500000, 0x00000000ea500000| Untracked 
| 166|0x00000000ea600000, 0x00000000ea600000, 0x00000000ea700000|  0%| F|  |TAMS 0x00000000ea600000, 0x00000000ea600000| Untracked 
| 167|0x00000000ea700000, 0x00000000ea800000, 0x00000000ea800000|100%| O|  |TAMS 0x00000000ea800000, 0x00000000ea700000| Untracked 
| 168|0x00000000ea800000, 0x00000000ea900000, 0x00000000ea900000|100%| O|  |TAMS 0x00000000ea900000, 0x00000000ea800000| Untracked 
| 169|0x00000000ea900000, 0x00000000eaa00000, 0x00000000eaa00000|100%| O|  |TAMS 0x00000000ea97c600, 0x00000000ea900000| Untracked 
| 170|0x00000000eaa00000, 0x00000000eaa00000, 0x00000000eab00000|  0%| F|  |TAMS 0x00000000eaa00000, 0x00000000eaa00000| Untracked 
| 171|0x00000000eab00000, 0x00000000eab00000, 0x00000000eac00000|  0%| F|  |TAMS 0x00000000eab00000, 0x00000000eab00000| Untracked 
| 172|0x00000000eac00000, 0x00000000eac00000, 0x00000000ead00000|  0%| F|  |TAMS 0x00000000eac00000, 0x00000000eac00000| Untracked 
| 173|0x00000000ead00000, 0x00000000ead00000, 0x00000000eae00000|  0%| F|  |TAMS 0x00000000ead00000, 0x00000000ead00000| Untracked 
| 174|0x00000000eae00000, 0x00000000eae00000, 0x00000000eaf00000|  0%| F|  |TAMS 0x00000000eae00000, 0x00000000eae00000| Untracked 
| 175|0x00000000eaf00000, 0x00000000eaf00000, 0x00000000eb000000|  0%| F|  |TAMS 0x00000000eaf00000, 0x00000000eaf00000| Untracked 
| 176|0x00000000eb000000, 0x00000000eb000000, 0x00000000eb100000|  0%| F|  |TAMS 0x00000000eb000000, 0x00000000eb000000| Untracked 
| 177|0x00000000eb100000, 0x00000000eb100000, 0x00000000eb200000|  0%| F|  |TAMS 0x00000000eb100000, 0x00000000eb100000| Untracked 
| 178|0x00000000eb200000, 0x00000000eb200000, 0x00000000eb300000|  0%| F|  |TAMS 0x00000000eb200000, 0x00000000eb200000| Untracked 
| 179|0x00000000eb300000, 0x00000000eb300000, 0x00000000eb400000|  0%| F|  |TAMS 0x00000000eb300000, 0x00000000eb300000| Untracked 
| 180|0x00000000eb400000, 0x00000000eb400000, 0x00000000eb500000|  0%| F|  |TAMS 0x00000000eb400000, 0x00000000eb400000| Untracked 
| 181|0x00000000eb500000, 0x00000000eb500000, 0x00000000eb600000|  0%| F|  |TAMS 0x00000000eb500000, 0x00000000eb500000| Untracked 
| 182|0x00000000eb600000, 0x00000000eb600000, 0x00000000eb700000|  0%| F|  |TAMS 0x00000000eb600000, 0x00000000eb600000| Untracked 
| 183|0x00000000eb700000, 0x00000000eb700000, 0x00000000eb800000|  0%| F|  |TAMS 0x00000000eb700000, 0x00000000eb700000| Untracked 
| 184|0x00000000eb800000, 0x00000000eb800000, 0x00000000eb900000|  0%| F|  |TAMS 0x00000000eb800000, 0x00000000eb800000| Untracked 
| 185|0x00000000eb900000, 0x00000000eb900000, 0x00000000eba00000|  0%| F|  |TAMS 0x00000000eb900000, 0x00000000eb900000| Untracked 
| 186|0x00000000eba00000, 0x00000000eba00000, 0x00000000ebb00000|  0%| F|  |TAMS 0x00000000eba00000, 0x00000000eba00000| Untracked 
| 187|0x00000000ebb00000, 0x00000000ebb00000, 0x00000000ebc00000|  0%| F|  |TAMS 0x00000000ebb00000, 0x00000000ebb00000| Untracked 
| 188|0x00000000ebc00000, 0x00000000ebc00000, 0x00000000ebd00000|  0%| F|  |TAMS 0x00000000ebc00000, 0x00000000ebc00000| Untracked 
| 189|0x00000000ebd00000, 0x00000000ebd00000, 0x00000000ebe00000|  0%| F|  |TAMS 0x00000000ebd00000, 0x00000000ebd00000| Untracked 
| 190|0x00000000ebe00000, 0x00000000ebe00000, 0x00000000ebf00000|  0%| F|  |TAMS 0x00000000ebe00000, 0x00000000ebe00000| Untracked 
| 191|0x00000000ebf00000, 0x00000000ebf00000, 0x00000000ec000000|  0%| F|  |TAMS 0x00000000ebf00000, 0x00000000ebf00000| Untracked 
| 192|0x00000000ec000000, 0x00000000ec000000, 0x00000000ec100000|  0%| F|  |TAMS 0x00000000ec000000, 0x00000000ec000000| Untracked 
| 193|0x00000000ec100000, 0x00000000ec100000, 0x00000000ec200000|  0%| F|  |TAMS 0x00000000ec100000, 0x00000000ec100000| Untracked 
| 194|0x00000000ec200000, 0x00000000ec200000, 0x00000000ec300000|  0%| F|  |TAMS 0x00000000ec200000, 0x00000000ec200000| Untracked 
| 195|0x00000000ec300000, 0x00000000ec300000, 0x00000000ec400000|  0%| F|  |TAMS 0x00000000ec300000, 0x00000000ec300000| Untracked 
| 196|0x00000000ec400000, 0x00000000ec400000, 0x00000000ec500000|  0%| F|  |TAMS 0x00000000ec400000, 0x00000000ec400000| Untracked 
| 197|0x00000000ec500000, 0x00000000ec500000, 0x00000000ec600000|  0%| F|  |TAMS 0x00000000ec500000, 0x00000000ec500000| Untracked 
| 198|0x00000000ec600000, 0x00000000ec600000, 0x00000000ec700000|  0%| F|  |TAMS 0x00000000ec600000, 0x00000000ec600000| Untracked 
| 199|0x00000000ec700000, 0x00000000ec700000, 0x00000000ec800000|  0%| F|  |TAMS 0x00000000ec700000, 0x00000000ec700000| Untracked 
| 200|0x00000000ec800000, 0x00000000ec800000, 0x00000000ec900000|  0%| F|  |TAMS 0x00000000ec800000, 0x00000000ec800000| Untracked 
| 201|0x00000000ec900000, 0x00000000ec900000, 0x00000000eca00000|  0%| F|  |TAMS 0x00000000ec900000, 0x00000000ec900000| Untracked 
| 202|0x00000000eca00000, 0x00000000eca00000, 0x00000000ecb00000|  0%| F|  |TAMS 0x00000000eca00000, 0x00000000eca00000| Untracked 
| 203|0x00000000ecb00000, 0x00000000ecb00000, 0x00000000ecc00000|  0%| F|  |TAMS 0x00000000ecb00000, 0x00000000ecb00000| Untracked 
| 204|0x00000000ecc00000, 0x00000000ecc00000, 0x00000000ecd00000|  0%| F|  |TAMS 0x00000000ecc00000, 0x00000000ecc00000| Untracked 
| 205|0x00000000ecd00000, 0x00000000ecd00000, 0x00000000ece00000|  0%| F|  |TAMS 0x00000000ecd00000, 0x00000000ecd00000| Untracked 
| 206|0x00000000ece00000, 0x00000000ece00000, 0x00000000ecf00000|  0%| F|  |TAMS 0x00000000ece00000, 0x00000000ece00000| Untracked 
| 207|0x00000000ecf00000, 0x00000000ecf00000, 0x00000000ed000000|  0%| F|  |TAMS 0x00000000ecf00000, 0x00000000ecf00000| Untracked 
| 208|0x00000000ed000000, 0x00000000ed000000, 0x00000000ed100000|  0%| F|  |TAMS 0x00000000ed000000, 0x00000000ed000000| Untracked 
| 209|0x00000000ed100000, 0x00000000ed100000, 0x00000000ed200000|  0%| F|  |TAMS 0x00000000ed100000, 0x00000000ed100000| Untracked 
| 210|0x00000000ed200000, 0x00000000ed200000, 0x00000000ed300000|  0%| F|  |TAMS 0x00000000ed200000, 0x00000000ed200000| Untracked 
| 211|0x00000000ed300000, 0x00000000ed300000, 0x00000000ed400000|  0%| F|  |TAMS 0x00000000ed300000, 0x00000000ed300000| Untracked 
| 212|0x00000000ed400000, 0x00000000ed400000, 0x00000000ed500000|  0%| F|  |TAMS 0x00000000ed400000, 0x00000000ed400000| Untracked 
| 213|0x00000000ed500000, 0x00000000ed500000, 0x00000000ed600000|  0%| F|  |TAMS 0x00000000ed500000, 0x00000000ed500000| Untracked 
| 214|0x00000000ed600000, 0x00000000ed600000, 0x00000000ed700000|  0%| F|  |TAMS 0x00000000ed600000, 0x00000000ed600000| Untracked 
| 215|0x00000000ed700000, 0x00000000ed700000, 0x00000000ed800000|  0%| F|  |TAMS 0x00000000ed700000, 0x00000000ed700000| Untracked 
| 216|0x00000000ed800000, 0x00000000ed800000, 0x00000000ed900000|  0%| F|  |TAMS 0x00000000ed800000, 0x00000000ed800000| Untracked 
| 217|0x00000000ed900000, 0x00000000ed900000, 0x00000000eda00000|  0%| F|  |TAMS 0x00000000ed900000, 0x00000000ed900000| Untracked 
| 218|0x00000000eda00000, 0x00000000eda00000, 0x00000000edb00000|  0%| F|  |TAMS 0x00000000eda00000, 0x00000000eda00000| Untracked 
| 219|0x00000000edb00000, 0x00000000edb00000, 0x00000000edc00000|  0%| F|  |TAMS 0x00000000edb00000, 0x00000000edb00000| Untracked 
| 220|0x00000000edc00000, 0x00000000edc00000, 0x00000000edd00000|  0%| F|  |TAMS 0x00000000edc00000, 0x00000000edc00000| Untracked 
| 221|0x00000000edd00000, 0x00000000edd00000, 0x00000000ede00000|  0%| F|  |TAMS 0x00000000edd00000, 0x00000000edd00000| Untracked 
| 222|0x00000000ede00000, 0x00000000ede00000, 0x00000000edf00000|  0%| F|  |TAMS 0x00000000ede00000, 0x00000000ede00000| Untracked 
| 223|0x00000000edf00000, 0x00000000edf00000, 0x00000000ee000000|  0%| F|  |TAMS 0x00000000edf00000, 0x00000000edf00000| Untracked 
| 224|0x00000000ee000000, 0x00000000ee000000, 0x00000000ee100000|  0%| F|  |TAMS 0x00000000ee000000, 0x00000000ee000000| Untracked 
| 225|0x00000000ee100000, 0x00000000ee100000, 0x00000000ee200000|  0%| F|  |TAMS 0x00000000ee100000, 0x00000000ee100000| Untracked 
| 226|0x00000000ee200000, 0x00000000ee200000, 0x00000000ee300000|  0%| F|  |TAMS 0x00000000ee200000, 0x00000000ee200000| Untracked 
| 227|0x00000000ee300000, 0x00000000ee300000, 0x00000000ee400000|  0%| F|  |TAMS 0x00000000ee300000, 0x00000000ee300000| Untracked 
| 228|0x00000000ee400000, 0x00000000ee400000, 0x00000000ee500000|  0%| F|  |TAMS 0x00000000ee400000, 0x00000000ee400000| Untracked 
| 229|0x00000000ee500000, 0x00000000ee500000, 0x00000000ee600000|  0%| F|  |TAMS 0x00000000ee500000, 0x00000000ee500000| Untracked 
| 230|0x00000000ee600000, 0x00000000ee600000, 0x00000000ee700000|  0%| F|  |TAMS 0x00000000ee600000, 0x00000000ee600000| Untracked 
| 231|0x00000000ee700000, 0x00000000ee700000, 0x00000000ee800000|  0%| F|  |TAMS 0x00000000ee700000, 0x00000000ee700000| Untracked 
| 232|0x00000000ee800000, 0x00000000ee800000, 0x00000000ee900000|  0%| F|  |TAMS 0x00000000ee800000, 0x00000000ee800000| Untracked 
| 233|0x00000000ee900000, 0x00000000ee900000, 0x00000000eea00000|  0%| F|  |TAMS 0x00000000ee900000, 0x00000000ee900000| Untracked 
| 234|0x00000000eea00000, 0x00000000eea00000, 0x00000000eeb00000|  0%| F|  |TAMS 0x00000000eea00000, 0x00000000eea00000| Untracked 
| 235|0x00000000eeb00000, 0x00000000eeb00000, 0x00000000eec00000|  0%| F|  |TAMS 0x00000000eeb00000, 0x00000000eeb00000| Untracked 
| 236|0x00000000eec00000, 0x00000000eec00000, 0x00000000eed00000|  0%| F|  |TAMS 0x00000000eec00000, 0x00000000eec00000| Untracked 
| 237|0x00000000eed00000, 0x00000000eed00000, 0x00000000eee00000|  0%| F|  |TAMS 0x00000000eed00000, 0x00000000eed00000| Untracked 
| 238|0x00000000eee00000, 0x00000000eee00000, 0x00000000eef00000|  0%| F|  |TAMS 0x00000000eee00000, 0x00000000eee00000| Untracked 
| 239|0x00000000eef00000, 0x00000000eef00000, 0x00000000ef000000|  0%| F|  |TAMS 0x00000000eef00000, 0x00000000eef00000| Untracked 
| 240|0x00000000ef000000, 0x00000000ef000000, 0x00000000ef100000|  0%| F|  |TAMS 0x00000000ef000000, 0x00000000ef000000| Untracked 
| 241|0x00000000ef100000, 0x00000000ef100000, 0x00000000ef200000|  0%| F|  |TAMS 0x00000000ef100000, 0x00000000ef100000| Untracked 
| 242|0x00000000ef200000, 0x00000000ef200000, 0x00000000ef300000|  0%| F|  |TAMS 0x00000000ef200000, 0x00000000ef200000| Untracked 
| 243|0x00000000ef300000, 0x00000000ef300000, 0x00000000ef400000|  0%| F|  |TAMS 0x00000000ef300000, 0x00000000ef300000| Untracked 
| 244|0x00000000ef400000, 0x00000000ef400000, 0x00000000ef500000|  0%| F|  |TAMS 0x00000000ef400000, 0x00000000ef400000| Untracked 
| 245|0x00000000ef500000, 0x00000000ef500000, 0x00000000ef600000|  0%| F|  |TAMS 0x00000000ef500000, 0x00000000ef500000| Untracked 
| 246|0x00000000ef600000, 0x00000000ef600000, 0x00000000ef700000|  0%| F|  |TAMS 0x00000000ef600000, 0x00000000ef600000| Untracked 
| 247|0x00000000ef700000, 0x00000000ef700000, 0x00000000ef800000|  0%| F|  |TAMS 0x00000000ef700000, 0x00000000ef700000| Untracked 
| 248|0x00000000ef800000, 0x00000000ef800000, 0x00000000ef900000|  0%| F|  |TAMS 0x00000000ef800000, 0x00000000ef800000| Untracked 
| 249|0x00000000ef900000, 0x00000000ef900000, 0x00000000efa00000|  0%| F|  |TAMS 0x00000000ef900000, 0x00000000ef900000| Untracked 
| 250|0x00000000efa00000, 0x00000000efa00000, 0x00000000efb00000|  0%| F|  |TAMS 0x00000000efa00000, 0x00000000efa00000| Untracked 
| 251|0x00000000efb00000, 0x00000000efbe0060, 0x00000000efc00000| 87%| S|CS|TAMS 0x00000000efb00000, 0x00000000efb00000| Complete 
| 252|0x00000000efc00000, 0x00000000efd00000, 0x00000000efd00000|100%| S|CS|TAMS 0x00000000efc00000, 0x00000000efc00000| Complete 
| 253|0x00000000efd00000, 0x00000000efe00000, 0x00000000efe00000|100%| S|CS|TAMS 0x00000000efd00000, 0x00000000efd00000| Complete 
| 254|0x00000000efe00000, 0x00000000eff00000, 0x00000000eff00000|100%| S|CS|TAMS 0x00000000efe00000, 0x00000000efe00000| Complete 
| 255|0x00000000eff00000, 0x00000000eff00000, 0x00000000f0000000|  0%| F|  |TAMS 0x00000000eff00000, 0x00000000eff00000| Untracked 
| 256|0x00000000f0000000, 0x00000000f0000000, 0x00000000f0100000|  0%| F|  |TAMS 0x00000000f0000000, 0x00000000f0000000| Untracked 
| 257|0x00000000f0100000, 0x00000000f0100000, 0x00000000f0200000|  0%| F|  |TAMS 0x00000000f0100000, 0x00000000f0100000| Untracked 
| 258|0x00000000f0200000, 0x00000000f0200000, 0x00000000f0300000|  0%| F|  |TAMS 0x00000000f0200000, 0x00000000f0200000| Untracked 
| 259|0x00000000f0300000, 0x00000000f0300000, 0x00000000f0400000|  0%| F|  |TAMS 0x00000000f0300000, 0x00000000f0300000| Untracked 
| 260|0x00000000f0400000, 0x00000000f0400000, 0x00000000f0500000|  0%| F|  |TAMS 0x00000000f0400000, 0x00000000f0400000| Untracked 
| 261|0x00000000f0500000, 0x00000000f0500000, 0x00000000f0600000|  0%| F|  |TAMS 0x00000000f0500000, 0x00000000f0500000| Untracked 
| 262|0x00000000f0600000, 0x00000000f0600000, 0x00000000f0700000|  0%| F|  |TAMS 0x00000000f0600000, 0x00000000f0600000| Untracked 
| 263|0x00000000f0700000, 0x00000000f0800000, 0x00000000f0800000|100%| E|  |TAMS 0x00000000f0700000, 0x00000000f0700000| Complete 
| 264|0x00000000f0800000, 0x00000000f0900000, 0x00000000f0900000|100%| E|CS|TAMS 0x00000000f0800000, 0x00000000f0800000| Complete 
| 265|0x00000000f0900000, 0x00000000f0a00000, 0x00000000f0a00000|100%| E|CS|TAMS 0x00000000f0900000, 0x00000000f0900000| Complete 
| 266|0x00000000f0a00000, 0x00000000f0b00000, 0x00000000f0b00000|100%| E|CS|TAMS 0x00000000f0a00000, 0x00000000f0a00000| Complete 
| 267|0x00000000f0b00000, 0x00000000f0c00000, 0x00000000f0c00000|100%| E|CS|TAMS 0x00000000f0b00000, 0x00000000f0b00000| Complete 
| 268|0x00000000f0c00000, 0x00000000f0d00000, 0x00000000f0d00000|100%| E|CS|TAMS 0x00000000f0c00000, 0x00000000f0c00000| Complete 
| 269|0x00000000f0d00000, 0x00000000f0e00000, 0x00000000f0e00000|100%| E|CS|TAMS 0x00000000f0d00000, 0x00000000f0d00000| Complete 
| 270|0x00000000f0e00000, 0x00000000f0f00000, 0x00000000f0f00000|100%| E|CS|TAMS 0x00000000f0e00000, 0x00000000f0e00000| Complete 
| 271|0x00000000f0f00000, 0x00000000f1000000, 0x00000000f1000000|100%| E|CS|TAMS 0x00000000f0f00000, 0x00000000f0f00000| Complete 
| 272|0x00000000f1000000, 0x00000000f1100000, 0x00000000f1100000|100%| E|CS|TAMS 0x00000000f1000000, 0x00000000f1000000| Complete 
| 273|0x00000000f1100000, 0x00000000f1200000, 0x00000000f1200000|100%| E|CS|TAMS 0x00000000f1100000, 0x00000000f1100000| Complete 
| 274|0x00000000f1200000, 0x00000000f1300000, 0x00000000f1300000|100%| E|CS|TAMS 0x00000000f1200000, 0x00000000f1200000| Complete 
| 275|0x00000000f1300000, 0x00000000f1400000, 0x00000000f1400000|100%| E|CS|TAMS 0x00000000f1300000, 0x00000000f1300000| Complete 
| 276|0x00000000f1400000, 0x00000000f1500000, 0x00000000f1500000|100%| E|CS|TAMS 0x00000000f1400000, 0x00000000f1400000| Complete 
| 277|0x00000000f1500000, 0x00000000f1600000, 0x00000000f1600000|100%| E|CS|TAMS 0x00000000f1500000, 0x00000000f1500000| Complete 
| 278|0x00000000f1600000, 0x00000000f1700000, 0x00000000f1700000|100%| E|CS|TAMS 0x00000000f1600000, 0x00000000f1600000| Complete 
| 279|0x00000000f1700000, 0x00000000f1800000, 0x00000000f1800000|100%| E|CS|TAMS 0x00000000f1700000, 0x00000000f1700000| Complete 
| 280|0x00000000f1800000, 0x00000000f1900000, 0x00000000f1900000|100%| E|CS|TAMS 0x00000000f1800000, 0x00000000f1800000| Complete 
| 281|0x00000000f1900000, 0x00000000f1a00000, 0x00000000f1a00000|100%| E|CS|TAMS 0x00000000f1900000, 0x00000000f1900000| Complete 
| 282|0x00000000f1a00000, 0x00000000f1b00000, 0x00000000f1b00000|100%| E|CS|TAMS 0x00000000f1a00000, 0x00000000f1a00000| Complete 
| 283|0x00000000f1b00000, 0x00000000f1c00000, 0x00000000f1c00000|100%| E|CS|TAMS 0x00000000f1b00000, 0x00000000f1b00000| Complete 
| 284|0x00000000f1c00000, 0x00000000f1d00000, 0x00000000f1d00000|100%| E|CS|TAMS 0x00000000f1c00000, 0x00000000f1c00000| Complete 
| 285|0x00000000f1d00000, 0x00000000f1e00000, 0x00000000f1e00000|100%| E|CS|TAMS 0x00000000f1d00000, 0x00000000f1d00000| Complete 
| 286|0x00000000f1e00000, 0x00000000f1f00000, 0x00000000f1f00000|100%| E|CS|TAMS 0x00000000f1e00000, 0x00000000f1e00000| Complete 
| 287|0x00000000f1f00000, 0x00000000f2000000, 0x00000000f2000000|100%| E|CS|TAMS 0x00000000f1f00000, 0x00000000f1f00000| Complete 
| 288|0x00000000f2000000, 0x00000000f2100000, 0x00000000f2100000|100%| E|CS|TAMS 0x00000000f2000000, 0x00000000f2000000| Complete 
| 289|0x00000000f2100000, 0x00000000f2200000, 0x00000000f2200000|100%| E|CS|TAMS 0x00000000f2100000, 0x00000000f2100000| Complete 
| 290|0x00000000f2200000, 0x00000000f2300000, 0x00000000f2300000|100%| E|CS|TAMS 0x00000000f2200000, 0x00000000f2200000| Complete 
| 291|0x00000000f2300000, 0x00000000f2400000, 0x00000000f2400000|100%| E|CS|TAMS 0x00000000f2300000, 0x00000000f2300000| Complete 
| 292|0x00000000f2400000, 0x00000000f2500000, 0x00000000f2500000|100%| E|CS|TAMS 0x00000000f2400000, 0x00000000f2400000| Complete 
| 293|0x00000000f2500000, 0x00000000f2600000, 0x00000000f2600000|100%| E|CS|TAMS 0x00000000f2500000, 0x00000000f2500000| Complete 
| 294|0x00000000f2600000, 0x00000000f2700000, 0x00000000f2700000|100%| E|CS|TAMS 0x00000000f2600000, 0x00000000f2600000| Complete 
| 295|0x00000000f2700000, 0x00000000f2800000, 0x00000000f2800000|100%| E|CS|TAMS 0x00000000f2700000, 0x00000000f2700000| Complete 
| 296|0x00000000f2800000, 0x00000000f2900000, 0x00000000f2900000|100%| E|CS|TAMS 0x00000000f2800000, 0x00000000f2800000| Complete 
| 297|0x00000000f2900000, 0x00000000f2a00000, 0x00000000f2a00000|100%| E|CS|TAMS 0x00000000f2900000, 0x00000000f2900000| Complete 
| 298|0x00000000f2a00000, 0x00000000f2b00000, 0x00000000f2b00000|100%| E|CS|TAMS 0x00000000f2a00000, 0x00000000f2a00000| Complete 
| 299|0x00000000f2b00000, 0x00000000f2c00000, 0x00000000f2c00000|100%| E|CS|TAMS 0x00000000f2b00000, 0x00000000f2b00000| Complete 
| 300|0x00000000f2c00000, 0x00000000f2d00000, 0x00000000f2d00000|100%| E|CS|TAMS 0x00000000f2c00000, 0x00000000f2c00000| Complete 
| 301|0x00000000f2d00000, 0x00000000f2e00000, 0x00000000f2e00000|100%| E|CS|TAMS 0x00000000f2d00000, 0x00000000f2d00000| Complete 

Card table byte_map: [0x000001933c580000,0x000001933c680000] _byte_map_base: 0x000001933be80000

Marking Bits (Prev, Next): (CMBitMap*) 0x000001932498cca8, (CMBitMap*) 0x000001932498cce0
 Prev Bits: [0x000001933c780000, 0x000001933cf80000)
 Next Bits: [0x000001933cf80000, 0x000001933d780000)

Polling page: 0x0000019322760000

Metaspace:

Usage:
  Non-class:     24.26 MB capacity,    23.96 MB ( 99%) used,   245.01 KB ( <1%) free+waste,    64.50 KB ( <1%) overhead. 
      Class:      2.94 MB capacity,     2.75 MB ( 94%) used,   166.45 KB (  6%) free+waste,    28.00 KB ( <1%) overhead. 
       Both:     27.20 MB capacity,    26.71 MB ( 98%) used,   411.45 KB (  1%) free+waste,    92.50 KB ( <1%) overhead. 

Virtual space:
  Non-class space:       26.00 MB reserved,      24.50 MB ( 94%) committed 
      Class space:        1.00 GB reserved,       3.00 MB ( <1%) committed 
             Both:        1.03 GB reserved,      27.50 MB (  3%) committed 

Chunk freelists:
   Non-Class:  0 bytes
       Class:  0 bytes
        Both:  0 bytes

CodeHeap 'non-profiled nmethods': size=120000Kb used=3603Kb max_used=3603Kb free=116396Kb
 bounds [0x0000019334a00000, 0x0000019334d90000, 0x000001933bf30000]
CodeHeap 'profiled nmethods': size=120000Kb used=9838Kb max_used=9838Kb free=110161Kb
 bounds [0x000001932d4d0000, 0x000001932de70000, 0x0000019334a00000]
CodeHeap 'non-nmethods': size=5760Kb used=1159Kb max_used=1221Kb free=4600Kb
 bounds [0x000001932cf30000, 0x000001932d1a0000, 0x000001932d4d0000]
 total_blobs=6481 nmethods=4253 adapters=408
 compilation: enabled
              stopped_count=0, restarted_count=0
 full_count=0

Compilation events (10 events):
Event: 5.238 Thread 0x0000019340401800 4456       3       java.util.Scanner::makeSpace (133 bytes)
Event: 5.238 Thread 0x0000019340401800 nmethod 4456 0x000001932de50a90 code [0x000001932de50d20, 0x000001932de51a00]
Event: 5.243 Thread 0x00000193440b6000 nmethod 4438 0x0000019334d7db90 code [0x0000019334d7dd80, 0x0000019334d7e718]
Event: 5.243 Thread 0x00000193440b6000 4458       4       java.util.regex.Matcher::group (112 bytes)
Event: 5.245 Thread 0x00000193403f3800 nmethod 4440 0x0000019334d7ea10 code [0x0000019334d7ec00, 0x0000019334d7f5f8]
Event: 5.245 Thread 0x00000193403f3800 4457       4       java.util.regex.Matcher::replaceFirst (62 bytes)
Event: 5.250 Thread 0x00000193440b6000 nmethod 4458 0x0000019334d7f990 code [0x0000019334d7fb80, 0x0000019334d80508]
Event: 5.250 Thread 0x00000193440b6000 4461       4       java.util.Arrays::hashCode (56 bytes)
Event: 5.252 Thread 0x00000193440b6000 nmethod 4461 0x0000019334d80c10 code [0x0000019334d80da0, 0x0000019334d80ed8]
Event: 5.252 Thread 0x00000193440b6000 4460       4       java.util.Scanner::findWithinHorizon (82 bytes)

GC Heap History (10 events):
Event: 4.989 GC heap before
{Heap before GC invocations=49 (full 0):
 garbage-first heap   total 258048K, used 190464K [0x00000000e0000000, 0x0000000100000000)
  region size 1024K, 24 young (24576K), 2 survivors (2048K)
 Metaspace       used 27038K, capacity 27640K, committed 27904K, reserved 1075200K
  class space    used 2793K, capacity 3006K, committed 3072K, reserved 1048576K
}
Event: 4.998 GC heap after
{Heap after GC invocations=50 (full 0):
 garbage-first heap   total 258048K, used 167989K [0x00000000e0000000, 0x0000000100000000)
  region size 1024K, 3 young (3072K), 3 survivors (3072K)
 Metaspace       used 27038K, capacity 27640K, committed 27904K, reserved 1075200K
  class space    used 2793K, capacity 3006K, committed 3072K, reserved 1048576K
}
Event: 5.023 GC heap before
{Heap before GC invocations=51 (full 0):
 garbage-first heap   total 258048K, used 175157K [0x00000000e0000000, 0x0000000100000000)
  region size 1024K, 6 young (6144K), 3 survivors (3072K)
 Metaspace       used 27042K, capacity 27640K, committed 27904K, reserved 1075200K
  class space    used 2793K, capacity 3006K, committed 3072K, reserved 1048576K
}
Event: 5.029 GC heap after
{Heap after GC invocations=52 (full 0):
 garbage-first heap   total 258048K, used 155185K [0x00000000e0000000, 0x0000000100000000)
  region size 1024K, 2 young (2048K), 2 survivors (2048K)
 Metaspace       used 27042K, capacity 27640K, committed 27904K, reserved 1075200K
  class space    used 2793K, capacity 3006K, committed 3072K, reserved 1048576K
}
Event: 5.163 GC heap before
{Heap before GC invocations=53 (full 0):
 garbage-first heap   total 258048K, used 186929K [0x00000000e0000000, 0x0000000100000000)
  region size 1024K, 28 young (28672K), 2 survivors (2048K)
 Metaspace       used 27185K, capacity 27709K, committed 27904K, reserved 1075200K
  class space    used 2803K, capacity 3008K, committed 3072K, reserved 1048576K
}
Event: 5.170 GC heap after
{Heap after GC invocations=54 (full 0):
 garbage-first heap   total 258048K, used 157832K [0x00000000e0000000, 0x0000000100000000)
  region size 1024K, 4 young (4096K), 4 survivors (4096K)
 Metaspace       used 27185K, capacity 27709K, committed 27904K, reserved 1075200K
  class space    used 2803K, capacity 3008K, committed 3072K, reserved 1048576K
}
Event: 5.190 GC heap before
{Heap before GC invocations=54 (full 0):
 garbage-first heap   total 258048K, used 166024K [0x00000000e0000000, 0x0000000100000000)
  region size 1024K, 12 young (12288K), 4 survivors (4096K)
 Metaspace       used 27209K, capacity 27713K, committed 27904K, reserved 1075200K
  class space    used 2804K, capacity 3009K, committed 3072K, reserved 1048576K
}
Event: 5.200 GC heap after
{Heap after GC invocations=55 (full 0):
 garbage-first heap   total 309248K, used 157340K [0x00000000e0000000, 0x0000000100000000)
  region size 1024K, 1 young (1024K), 1 survivors (1024K)
 Metaspace       used 27209K, capacity 27713K, committed 27904K, reserved 1075200K
  class space    used 2804K, capacity 3009K, committed 3072K, reserved 1048576K
}
Event: 5.266 GC heap before
{Heap before GC invocations=55 (full 0):
 garbage-first heap   total 309248K, used 205468K [0x00000000e0000000, 0x0000000100000000)
  region size 1024K, 48 young (49152K), 1 survivors (1024K)
 Metaspace       used 27215K, capacity 27713K, committed 27904K, reserved 1075200K
  class space    used 2804K, capacity 3009K, committed 3072K, reserved 1048576K
}
Event: 5.271 GC heap after
{Heap after GC invocations=56 (full 0):
 garbage-first heap   total 309248K, used 160592K [0x00000000e0000000, 0x0000000100000000)
  region size 1024K, 4 young (4096K), 4 survivors (4096K)
 Metaspace       used 27215K, capacity 27713K, committed 27904K, reserved 1075200K
  class space    used 2804K, capacity 3009K, committed 3072K, reserved 1048576K
}

Deoptimization events (10 events):
Event: 4.756 Thread 0x000001934518f800 Uncommon trap: reason=unstable_if action=reinterpret pc=0x0000019334a97a44 method=java.util.HashMap.hash(Ljava/lang/Object;)I @ 1 c2
Event: 4.758 Thread 0x000001934518f800 Uncommon trap: reason=unstable_if action=reinterpret pc=0x0000019334aecbb8 method=java.util.Arrays.hashCode([Ljava/lang/Object;)I @ 34 c2
Event: 4.767 Thread 0x000001934518f800 Uncommon trap: reason=class_check action=maybe_recompile pc=0x0000019334b73730 method=gnu.trove.TObjectHash.index(Ljava/lang/Object;)I @ 22 c2
Event: 4.767 Thread 0x000001934518f800 Uncommon trap: reason=class_check action=maybe_recompile pc=0x0000019334b73730 method=gnu.trove.TObjectHash.index(Ljava/lang/Object;)I @ 22 c2
Event: 4.767 Thread 0x000001934518f800 Uncommon trap: reason=class_check action=maybe_recompile pc=0x0000019334b73730 method=gnu.trove.TObjectHash.index(Ljava/lang/Object;)I @ 22 c2
Event: 4.767 Thread 0x000001934518f800 Uncommon trap: reason=class_check action=maybe_recompile pc=0x0000019334b73730 method=gnu.trove.TObjectHash.index(Ljava/lang/Object;)I @ 22 c2
Event: 4.959 Thread 0x000001934518f800 Uncommon trap: reason=unstable_if action=reinterpret pc=0x0000019334d45930 method=java.util.TreeMap.put(Ljava/lang/Object;Ljava/lang/Object;)Ljava/lang/Object; @ 55 c2
Event: 4.969 Thread 0x000001934518f800 Uncommon trap: reason=unstable_if action=reinterpret pc=0x0000019334d50a34 method=com.hankcs.algorithm.State.addEmit(I)V @ 4 c2
Event: 5.105 Thread 0x000001934518f800 Uncommon trap: reason=unstable_if action=reinterpret pc=0x0000019334d2de04 method=org.languagetool.rules.patterns.PatternToken.isPosTokenMatched(Lorg/languagetool/AnalyzedToken;)Z @ 20 c2
Event: 5.161 Thread 0x000001934518f800 Uncommon trap: reason=unstable_if action=reinterpret pc=0x0000019334d49bb0 method=java.lang.String.indexOf([BBILjava/lang/String;I)I @ 21 c2

Classes redefined (0 events):
No events

Internal exceptions (10 events):
Event: 3.655 Thread 0x000001934518f800 Exception <a 'java/lang/NoSuchMethodError'{0x00000000e5d7ab38}: java.lang.invoke.DirectMethodHandle$Holder.invokeStatic(Ljava/lang/Object;Ljava/lang/Object;Ljava/lang/Object;Ljava/lang/Object;Ljava/lang/Object;Ljava/lang/Object;Ljava/lang/Object;Ljava/lan
Event: 3.656 Thread 0x000001934518f800 Exception <a 'java/lang/NoSuchMethodError'{0x00000000e5d98fc8}: java.lang.invoke.DirectMethodHandle$Holder.invokeStatic(Ljava/lang/Object;Ljava/lang/Object;Ljava/lang/Object;Ljava/lang/Object;Ljava/lang/Object;Ljava/lang/Object;Ljava/lang/Object;Ljava/lan
Event: 3.657 Thread 0x000001934518f800 Exception <a 'java/lang/NoSuchMethodError'{0x00000000e5db7f58}: java.lang.invoke.DirectMethodHandle$Holder.invokeStatic(Ljava/lang/Object;Ljava/lang/Object;Ljava/lang/Object;Ljava/lang/Object;Ljava/lang/Object;Ljava/lang/Object;Ljava/lang/Object;Ljava/lan
Event: 3.658 Thread 0x000001934518f800 Exception <a 'java/lang/NoSuchMethodError'{0x00000000e5dc3fb0}: java.lang.invoke.Invokers$Holder.linkToTargetMethod(Ljava/lang/Object;ILjava/lang/Object;)Ljava/lang/Object;> (0x00000000e5dc3fb0) thrown at [c:/cygwin64/tmp/ojdkbuild/lookaside/java-11-openj
Event: 4.501 Thread 0x000001934518f800 Implicit null exception at 0x0000019334aa4514 to 0x0000019334aa4b06
Event: 4.624 Thread 0x000001934518f800 Exception <a 'java/lang/NoSuchMethodError'{0x00000000eb93b6a0}: java.lang.invoke.Invokers$Holder.linkToTargetMethod(Ljava/lang/Object;Ljava/lang/Object;Ljava/lang/Object;Ljava/lang/Object;Ljava/lang/Object;Ljava/lang/Object;)Ljava/lang/Object;> (0x0000000
Event: 4.627 Thread 0x000001934518f800 Implicit null exception at 0x0000019334a7f494 to 0x0000019334a7fa72
Event: 4.756 Thread 0x000001934518f800 Implicit null exception at 0x0000019334a988ab to 0x0000019334a989aa
Event: 4.756 Thread 0x000001934518f800 Implicit null exception at 0x0000019334a9797c to 0x0000019334a97a36
Event: 4.758 Thread 0x000001934518f800 Implicit null exception at 0x0000019334aecaef to 0x0000019334aecb9a

Events (10 events):
Event: 5.178 loading class org/languagetool/synthesis/ManualSynthesizer
Event: 5.178 loading class org/languagetool/synthesis/ManualSynthesizer done
Event: 5.179 loading class org/languagetool/tagging/TaggedWord
Event: 5.179 loading class org/languagetool/tagging/TaggedWord done
Event: 5.179 loading class org/languagetool/tagging/TaggedWord
Event: 5.179 loading class org/languagetool/tagging/TaggedWord done
Event: 5.190 Executing VM operation: G1CollectForAllocation
Event: 5.200 Executing VM operation: G1CollectForAllocation done
Event: 5.266 Executing VM operation: G1CollectForAllocation
Event: 5.271 Executing VM operation: G1CollectForAllocation done


Dynamic libraries:
0x00007ff785800000 - 0x00007ff785899000 	C:\Program Files\JAVA\java-11-openjdk-11.0.2.7-2.windows.redhat.x86_64\bin\java.exe
0x00007ff990d00000 - 0x00007ff990ef0000 	C:\WINDOWS\SYSTEM32\ntdll.dll
0x00007ff990170000 - 0x00007ff990222000 	C:\WINDOWS\System32\KERNEL32.DLL
0x00007ff98df30000 - 0x00007ff98e1d3000 	C:\WINDOWS\System32\KERNELBASE.dll
0x00007ff98f650000 - 0x00007ff98f7e3000 	C:\WINDOWS\System32\USER32.dll
0x00007ff98e3e0000 - 0x00007ff98e401000 	C:\WINDOWS\System32\win32u.dll
0x00007ff98efa0000 - 0x00007ff98efc6000 	C:\WINDOWS\System32\GDI32.dll
0x00007ff98dc90000 - 0x00007ff98de24000 	C:\WINDOWS\System32\gdi32full.dll
0x00007ff98ebc0000 - 0x00007ff98ec5e000 	C:\WINDOWS\System32\msvcp_win.dll
0x00007ff98de30000 - 0x00007ff98df2a000 	C:\WINDOWS\System32\ucrtbase.dll
0x00007ff97eda0000 - 0x00007ff97f025000 	C:\WINDOWS\WinSxS\amd64_microsoft.windows.common-controls_6595b64144ccf1df_6.0.18362.295_none_e6c3acbd13101292\COMCTL32.dll
0x00007ff990920000 - 0x00007ff9909be000 	C:\WINDOWS\System32\msvcrt.dll
0x00007ff98f910000 - 0x00007ff98fc46000 	C:\WINDOWS\System32\combase.dll
0x00007ff98ee80000 - 0x00007ff98efa0000 	C:\WINDOWS\System32\RPCRT4.dll
0x00007ff98e2e0000 - 0x00007ff98e360000 	C:\WINDOWS\System32\bcryptPrimitives.dll
0x00007ff98feb0000 - 0x00007ff98fede000 	C:\WINDOWS\System32\IMM32.DLL
0x00007ff963260000 - 0x00007ff963276000 	C:\Program Files\JAVA\java-11-openjdk-11.0.2.7-2.windows.redhat.x86_64\bin\vcruntime140.dll
0x00007ff9624a0000 - 0x00007ff96254a000 	C:\Program Files\JAVA\java-11-openjdk-11.0.2.7-2.windows.redhat.x86_64\bin\msvcp140.dll
0x00007ff943ee0000 - 0x00007ff944a9b000 	C:\Program Files\JAVA\java-11-openjdk-11.0.2.7-2.windows.redhat.x86_64\bin\server\jvm.dll
0x00007ff9900a0000 - 0x00007ff990143000 	C:\WINDOWS\System32\ADVAPI32.dll
0x00007ff98fe10000 - 0x00007ff98fea7000 	C:\WINDOWS\System32\sechost.dll
0x00007ff98f080000 - 0x00007ff98f088000 	C:\WINDOWS\System32\PSAPI.DLL
0x00007ff972c90000 - 0x00007ff972c99000 	C:\WINDOWS\SYSTEM32\WSOCK32.dll
0x00007ff98d7d0000 - 0x00007ff98d7da000 	C:\WINDOWS\SYSTEM32\VERSION.dll
0x00007ff98b320000 - 0x00007ff98b344000 	C:\WINDOWS\SYSTEM32\WINMM.dll
0x00007ff990b20000 - 0x00007ff990b8f000 	C:\WINDOWS\System32\WS2_32.dll
0x00007ff98ae90000 - 0x00007ff98aebd000 	C:\WINDOWS\SYSTEM32\winmmbase.dll
0x00007ff98e1e0000 - 0x00007ff98e22a000 	C:\WINDOWS\System32\cfgmgr32.dll
0x00007ff98dbe0000 - 0x00007ff98dbf1000 	C:\WINDOWS\System32\kernel.appcore.dll
0x00007ff9629f0000 - 0x00007ff962a01000 	C:\Program Files\JAVA\java-11-openjdk-11.0.2.7-2.windows.redhat.x86_64\bin\verify.dll
0x00007ff9787b0000 - 0x00007ff9789a4000 	C:\WINDOWS\SYSTEM32\DBGHELP.DLL
0x00007ff976100000 - 0x00007ff97612a000 	C:\WINDOWS\SYSTEM32\dbgcore.DLL
0x00007ff962470000 - 0x00007ff962498000 	C:\Program Files\JAVA\java-11-openjdk-11.0.2.7-2.windows.redhat.x86_64\bin\java.dll
0x00007ff9629d0000 - 0x00007ff9629e7000 	C:\Program Files\JAVA\java-11-openjdk-11.0.2.7-2.windows.redhat.x86_64\bin\zip.dll
0x00007ff97b400000 - 0x00007ff97b40a000 	C:\Program Files\JAVA\java-11-openjdk-11.0.2.7-2.windows.redhat.x86_64\bin\jimage.dll
0x00007ff990230000 - 0x00007ff990912000 	C:\WINDOWS\System32\SHELL32.dll
0x00007ff98efd0000 - 0x00007ff98f079000 	C:\WINDOWS\System32\shcore.dll
0x00007ff98e440000 - 0x00007ff98ebbc000 	C:\WINDOWS\System32\windows.storage.dll
0x00007ff98dc50000 - 0x00007ff98dc6f000 	C:\WINDOWS\System32\profapi.dll
0x00007ff98dc00000 - 0x00007ff98dc4a000 	C:\WINDOWS\System32\powrprof.dll
0x00007ff98dbd0000 - 0x00007ff98dbe0000 	C:\WINDOWS\System32\UMPDC.dll
0x00007ff990b90000 - 0x00007ff990be2000 	C:\WINDOWS\System32\shlwapi.dll
0x00007ff98e3c0000 - 0x00007ff98e3d7000 	C:\WINDOWS\System32\cryptsp.dll
0x00007ff962450000 - 0x00007ff962469000 	C:\Program Files\JAVA\java-11-openjdk-11.0.2.7-2.windows.redhat.x86_64\bin\net.dll
0x00007ff97cfa0000 - 0x00007ff97d176000 	C:\WINDOWS\SYSTEM32\urlmon.dll
0x00007ff985800000 - 0x00007ff9858f0000 	C:\WINDOWS\SYSTEM32\WINHTTP.dll
0x00007ff97d640000 - 0x00007ff97d8e6000 	C:\WINDOWS\SYSTEM32\iertutil.dll
0x00007ff98d5a0000 - 0x00007ff98d5ac000 	C:\WINDOWS\SYSTEM32\CRYPTBASE.DLL
0x00007ff98d3d0000 - 0x00007ff98d437000 	C:\WINDOWS\system32\mswsock.dll
0x00007ff9620f0000 - 0x00007ff962103000 	C:\Program Files\JAVA\java-11-openjdk-11.0.2.7-2.windows.redhat.x86_64\bin\nio.dll

dbghelp: loaded successfully - version: 4.0.5 - missing functions: none
symbol engine: initialized successfully - sym options: 0x614 - pdb path: .;C:\Program Files\JAVA\java-11-openjdk-11.0.2.7-2.windows.redhat.x86_64\bin;C:\WINDOWS\SYSTEM32;C:\WINDOWS\WinSxS\amd64_microsoft.windows.common-controls_6595b64144ccf1df_6.0.18362.295_none_e6c3acbd13101292;C:\Program Files\JAVA\java-11-openjdk-11.0.2.7-2.windows.redhat.x86_64\bin\server

VM Arguments:
jvm_args: -Xms64m -Xmx512m -Dapp.name=ltex-ls -Dapp.repo=c:\Users\Administrator\.vscode\extensions\valentjn.vscode-ltex-10.0.0\lib\ltex-ls-11.0.0\lib -Dapp.home=c:\Users\Administrator\.vscode\extensions\valentjn.vscode-ltex-10.0.0\lib\ltex-ls-11.0.0 -Dbasedir=c:\Users\Administrator\.vscode\extensions\valentjn.vscode-ltex-10.0.0\lib\ltex-ls-11.0.0 
java_command: LtexLanguageServerLauncher
java_class_path (initial): c:\Users\Administrator\.vscode\extensions\valentjn.vscode-ltex-10.0.0\lib\ltex-ls-11.0.0\etc;c:\Users\Administrator\.vscode\extensions\valentjn.vscode-ltex-10.0.0\lib\ltex-ls-11.0.0\lib\ltexls-languagetool-patch-11.0.0.jar;c:\Users\Administrator\.vscode\extensions\valentjn.vscode-ltex-10.0.0\lib\ltex-ls-11.0.0\lib\aho-corasick-double-array-trie-1.2.2.jar;c:\Users\Administrator\.vscode\extensions\valentjn.vscode-ltex-10.0.0\lib\ltex-ls-11.0.0\lib\annotations-12.0.jar;c:\Users\Administrator\.vscode\extensions\valentjn.vscode-ltex-10.0.0\lib\ltex-ls-11.0.0\lib\annotations-20.1.0.jar;c:\Users\Administrator\.vscode\extensions\valentjn.vscode-ltex-10.0.0\lib\ltex-ls-11.0.0\lib\annotations-4.1.1.4.jar;c:\Users\Administrator\.vscode\extensions\valentjn.vscode-ltex-10.0.0\lib\ltex-ls-11.0.0\lib\bridj-0.7.0.jar;c:\Users\Administrator\.vscode\extensions\valentjn.vscode-ltex-10.0.0\lib\ltex-ls-11.0.0\lib\catalan-pos-dict-2.14.jar;c:\Users\Administrator\.vscode\extensions\valentjn.vscode-ltex-10.0.0\lib\ltex-ls-11.0.0\lib\checker-qual-3.12.0.jar;c:\Users\Administrator\.vscode\extensions\valentjn.vscode-ltex-10.0.0\lib\ltex-ls-11.0.0\lib\cjftransform-1.0.1.jar;c:\Users\Administrator\.vscode\extensions\valentjn.vscode-ltex-10.0.0\lib\ltex-ls-11.0.0\lib\commons-lang3-3.11.jar;c:\Users\Administrator\.vscode\extensions\valentjn.vscode-ltex-10.0.0\lib\ltex-ls-11.0.0\lib\commons-logging-1.2.jar;c:\Users\Administrator\.vscode\extensions\valentjn.vscode-ltex-10.0.0\lib\ltex-ls-11.0.0\lib\commons-pool2-2.9.0.jar;c:\Users\Administrator\.vscode\extensions\valentjn.vscode-ltex-10.0.0\lib\ltex-ls-11.0.0\lib\commons-text-1.9.jar;c:\Users\Administrator\.vscode\extensions\valentjn.vscode-ltex-10.0.0\lib\ltex-ls-11.0.0\lib\dx-1.7.jar;c:\Users\Administrator\.vscode\extensions\valentjn.vscode-ltex-10.0.0\lib\ltex-ls-11.0.0\lib\emoji-java-5.1.1.jar;c:\Users\Administrator\.vscode\extensions\valentjn.vscode-ltex-10.0.0\lib\ltex-ls-11.0.0\lib\error_prone_annotations-2.3.4.j
Launcher Type: SUN_STANDARD

[Global flags]
     intx CICompilerCount                          = 4                                         {product} {ergonomic}
     uint ConcGCThreads                            = 3                                         {product} {ergonomic}
     uint G1ConcRefinementThreads                  = 10                                        {product} {ergonomic}
   size_t G1HeapRegionSize                         = 1048576                                   {product} {ergonomic}
    uintx GCDrainStackTargetSize                   = 64                                        {product} {ergonomic}
   size_t InitialHeapSize                          = 67108864                                  {product} {command line}
   size_t MarkStackSize                            = 4194304                                   {product} {ergonomic}
   size_t MaxHeapSize                              = 536870912                                 {product} {command line}
   size_t MaxNewSize                               = 321912832                                 {product} {ergonomic}
   size_t MinHeapDeltaBytes                        = 1048576                                   {product} {ergonomic}
    uintx NonNMethodCodeHeapSize                   = 5835340                                {pd product} {ergonomic}
    uintx NonProfiledCodeHeapSize                  = 122911450                              {pd product} {ergonomic}
    uintx ProfiledCodeHeapSize                     = 122911450                              {pd product} {ergonomic}
    uintx ReservedCodeCacheSize                    = 251658240                              {pd product} {ergonomic}
     bool SegmentedCodeCache                       = true                                      {product} {ergonomic}
     bool UseCompressedClassPointers               = true                                 {lp64_product} {ergonomic}
     bool UseCompressedOops                        = true                                 {lp64_product} {ergonomic}
     bool UseG1GC                                  = true                                      {product} {ergonomic}
     bool UseLargePagesIndividualAllocation        = false                                  {pd product} {ergonomic}

Logging:
Log output configuration:
 #0: stdout all=warning uptime,level,tags
 #1: stderr all=off uptime,level,tags

Environment Variables:
JAVA_HOME=C:\Program Files\JAVA\java-11-openjdk-11.0.2.7-2.windows.redhat.x86_64
CLASSPATH="c:\Users\Administrator\.vscode\extensions\valentjn.vscode-ltex-10.0.0\lib\ltex-ls-11.0.0"\etc;"c:\Users\Administrator\.vscode\extensions\valentjn.vscode-ltex-10.0.0\lib\ltex-ls-11.0.0\lib"\ltexls-languagetool-patch-11.0.0.jar;"c:\Users\Administrator\.vscode\extensions\valentjn.vscode-ltex-10.0.0\lib\ltex-ls-11.0.0\lib"\*
PATH=D:\VMware\bin\;C:\Program Files\NVIDIA GPU Computing Toolkit\CUDA\v9.0\bin;C:\Program Files\NVIDIA GPU Computing Toolkit\CUDA\v9.0\libnvvp;C:\Program Files\Microsoft MPI\Bin\;C:\WINDOWS\system32;C:\WINDOWS;C:\WINDOWS\System32\Wbem;C:\WINDOWS\System32\WindowsPowerShell\v1.0\;D:\git\Git\cmd;C:\Program Files\dotnet\;D:\Matlab\runtime\win64;D:\Matlab\bin;C:\WINDOWS\System32\OpenSSH\;C:\Program Files\mingw-w64\x86_64-8.1.0-posix-seh-rt_v6-rev0\mingw64\bin;D:\texlive2018\2018\bin\win32;C:\Program Files\SumatraPDF;C:\Program Files\JAVA\java-11-openjdk-11.0.2.7-2.windows.redhat.x86_64\bin;C:\Program Files (x86)\NVIDIA Corporation\PhysX\Common;D:\apache-maven-3.6.2\bin;D:\nodereps\npm_global;D:\nvm;C:\Program Files\nodejs;D:\Anaconda\Anaconda;D:\Anaconda\Anaconda\Library\mingw-w64\bin;D:\Anaconda\Anaconda\Library\usr\bin;D:\Anaconda\Anaconda\Library\bin;D:\Anaconda\Anaconda\Scripts;C:\Users\Administrator\AppData\Local\Microsoft\WindowsApps;D:\Microsoft VS Code\bin;C:\Users\Administrator\AppData\Local\GitHubDesktop\bin;C:\Users\Administrator\AppData\Local\Microsoft\WindowsApps;D:\IDEA\IntelliJ IDEA 2019.1\bin;;D:\nvm;C:\Program Files\nodejs
USERNAME=Administrator
OS=Windows_NT
PROCESSOR_IDENTIFIER=Intel64 Family 6 Model 158 Stepping 10, GenuineIntel



---------------  S Y S T E M  ---------------

OS: Windows 10 , 64 bit Build 18362 (10.0.18362.86)

CPU:total 12 (initial active 12) (6 cores per cpu, 2 threads per core) family 6 model 158 stepping 10, cmov, cx8, fxsr, mmx, sse, sse2, sse3, ssse3, sse4.1, sse4.2, popcnt, avx, avx2, aes, clmul, erms, rtm, 3dnowpref, lzcnt, ht, tsc, tscinvbit, bmi1, bmi2, adx, fma

Memory: 4k page, system-wide physical 32707M (6996M free)
TotalPageFile size 45407M (AvailPageFile size 12M)
current process WorkingSet (physical memory assigned to process): 389M, peak: 389M
current process commit charge ("private bytes"): 472M, peak: 472M

vm_info: OpenJDK 64-Bit Server VM (11.0.2-redhat+7-LTS) for windows-amd64 JRE (11.0.2-redhat+7-LTS), built on Jan 26 2019 11:51:53 by "" with MS VC++ 15.5 (VS2017)

END.
